0 info it worked if it ends with ok
1 verbose cli [ '/usr/local/bin/node',
1 verbose cli   '/usr/local/bin/npm',
1 verbose cli   'install',
1 verbose cli   '-g',
1 verbose cli   'bower' ]
2 info using npm@3.7.3
3 info using node@v5.9.0
4 silly loadCurrentTree Starting
5 silly install loadCurrentTree
6 silly install readGlobalPackageData
7 silly fetchPackageMetaData bower
8 silly fetchNamedPackageData bower
9 silly mapToRegistry name bower
10 silly mapToRegistry using default registry
11 silly mapToRegistry registry https://registry.npmjs.org/
12 silly mapToRegistry uri https://registry.npmjs.org/bower
13 verbose request uri https://registry.npmjs.org/bower
14 verbose request no auth needed
15 info attempt registry request try #1 at 12:05:37
16 verbose request id 7e49ae3b93a40170
17 http request GET https://registry.npmjs.org/bower
18 http 200 https://registry.npmjs.org/bower
19 verbose headers { server: 'CouchDB/1.5.0 (Erlang OTP/R16B03)',
19 verbose headers   etag: '"841KH7DU7F4OGDN3QIC56ZUSN"',
19 verbose headers   'content-type': 'application/json',
19 verbose headers   'content-encoding': 'gzip',
19 verbose headers   'cache-control': 'max-age=300',
19 verbose headers   'content-length': '20421',
19 verbose headers   'accept-ranges': 'bytes',
19 verbose headers   date: 'Sat, 07 May 2016 10:05:39 GMT',
19 verbose headers   via: '1.1 varnish',
19 verbose headers   age: '192',
19 verbose headers   connection: 'keep-alive',
19 verbose headers   'x-served-by': 'cache-ams4132-AMS',
19 verbose headers   'x-cache': 'HIT',
19 verbose headers   'x-cache-hits': '2',
19 verbose headers   'x-timer': 'S1462615539.063658,VS0,VE0',
19 verbose headers   vary: 'Accept-Encoding' }
20 silly get cb [ 200,
20 silly get   { server: 'CouchDB/1.5.0 (Erlang OTP/R16B03)',
20 silly get     etag: '"841KH7DU7F4OGDN3QIC56ZUSN"',
20 silly get     'content-type': 'application/json',
20 silly get     'content-encoding': 'gzip',
20 silly get     'cache-control': 'max-age=300',
20 silly get     'content-length': '20421',
20 silly get     'accept-ranges': 'bytes',
20 silly get     date: 'Sat, 07 May 2016 10:05:39 GMT',
20 silly get     via: '1.1 varnish',
20 silly get     age: '192',
20 silly get     connection: 'keep-alive',
20 silly get     'x-served-by': 'cache-ams4132-AMS',
20 silly get     'x-cache': 'HIT',
20 silly get     'x-cache-hits': '2',
20 silly get     'x-timer': 'S1462615539.063658,VS0,VE0',
20 silly get     vary: 'Accept-Encoding' } ]
21 verbose get saving bower to /Users/andreasluca/.npm/registry.npmjs.org/bower/.cache.json
22 verbose correctMkdir /Users/andreasluca/.npm correctMkdir not in flight; initializing
23 silly install normalizeTree
24 silly loadCurrentTree Finishing
25 silly loadIdealTree Starting
26 silly install loadIdealTree
27 silly cloneCurrentTree Starting
28 silly install cloneCurrentTreeToIdealTree
29 silly cloneCurrentTree Finishing
30 silly loadShrinkwrap Starting
31 silly install loadShrinkwrap
32 silly loadShrinkwrap Finishing
33 silly loadAllDepsIntoIdealTree Starting
34 silly install loadAllDepsIntoIdealTree
35 silly resolveWithNewModule bower@1.7.9 checking installable status
36 silly cache add args [ 'bower', null ]
37 verbose cache add spec bower
38 silly cache add parsed spec Result {
38 silly cache add   raw: 'bower',
38 silly cache add   scope: null,
38 silly cache add   name: 'bower',
38 silly cache add   rawSpec: '',
38 silly cache add   spec: 'latest',
38 silly cache add   type: 'tag' }
39 silly addNamed bower@latest
40 verbose addNamed "latest" is being treated as a dist-tag for bower
41 info addNameTag [ 'bower', 'latest' ]
42 silly mapToRegistry name bower
43 silly mapToRegistry using default registry
44 silly mapToRegistry registry https://registry.npmjs.org/
45 silly mapToRegistry uri https://registry.npmjs.org/bower
46 verbose addNameTag registry:https://registry.npmjs.org/bower not in flight; fetching
47 verbose get https://registry.npmjs.org/bower not expired, no request
48 silly addNameTag next cb for bower with tag latest
49 silly addNamed bower@1.7.9
50 verbose addNamed "1.7.9" is a plain semver version for bower
51 silly mapToRegistry name bower
52 silly mapToRegistry using default registry
53 silly mapToRegistry registry https://registry.npmjs.org/
54 silly mapToRegistry uri https://registry.npmjs.org/bower
55 verbose addRemoteTarball https://registry.npmjs.org/bower/-/bower-1.7.9.tgz not in flight; adding
56 verbose addRemoteTarball [ 'https://registry.npmjs.org/bower/-/bower-1.7.9.tgz',
56 verbose addRemoteTarball   'b7296c2393e0d75edaa6ca39648132dd255812b0' ]
57 info retry fetch attempt 1 at 12:05:38
58 info attempt registry request try #1 at 12:05:38
59 http fetch GET https://registry.npmjs.org/bower/-/bower-1.7.9.tgz
60 http fetch 200 https://registry.npmjs.org/bower/-/bower-1.7.9.tgz
61 silly fetchAndShaCheck shasum b7296c2393e0d75edaa6ca39648132dd255812b0
62 verbose addTmpTarball /var/folders/vc/869q8x4128qf4_6fdc7732rw0000gn/T/npm-35399-3579b517/registry.npmjs.org/bower/-/bower-1.7.9.tgz not in flight; adding
63 verbose addTmpTarball already have metadata; skipping unpack for bower@1.7.9
64 verbose correctMkdir /Users/andreasluca/.npm correctMkdir not in flight; initializing
65 silly cache afterAdd bower@1.7.9
66 verbose afterAdd /Users/andreasluca/.npm/bower/1.7.9/package/package.json not in flight; writing
67 verbose correctMkdir /Users/andreasluca/.npm correctMkdir not in flight; initializing
68 verbose afterAdd /Users/andreasluca/.npm/bower/1.7.9/package/package.json written
69 silly loadAllDepsIntoIdealTree Finishing
70 silly idealTree:prePrune lib
70 silly idealTree:prePrune └── bower@1.7.9
71 silly loadIdealTree Finishing
72 silly currentTree lib
72 silly currentTree └── bower@1.7.7
73 silly idealTree lib
73 silly idealTree └── bower@1.7.9
74 silly generateActionsToTake Starting
75 silly install generateActionsToTake
76 warn checkPermissions Missing write access to /usr/local/lib/node_modules/bower
77 warn checkPermissions Missing write access to /usr/local/lib/node_modules
78 silly rollbackFailedOptional Starting
79 silly rollbackFailedOptional Finishing
80 silly runTopLevelLifecycles Starting
81 silly runTopLevelLifecycles Finishing
82 silly install printInstalled
83 verbose stack Error: EACCES: permission denied, access '/usr/local/lib/node_modules/bower'
83 verbose stack     at Error (native)
84 verbose cwd /Users/andreasluca/Desktop/MeetAbroad/Server/public
85 error Darwin 15.3.0
86 error argv "/usr/local/bin/node" "/usr/local/bin/npm" "install" "-g" "bower"
87 error node v5.9.0
88 error npm  v3.7.3
89 error path /usr/local/lib/node_modules/bower
90 error code EACCES
91 error errno -13
92 error syscall access
93 error Error: EACCES: permission denied, access '/usr/local/lib/node_modules/bower'
93 error     at Error (native)
93 error  { [Error: EACCES: permission denied, access '/usr/local/lib/node_modules/bower']
93 error   errno: -13,
93 error   code: 'EACCES',
93 error   syscall: 'access',
93 error   path: '/usr/local/lib/node_modules/bower' }
94 error Please try running this command again as root/Administrator.
95 verbose exit [ -13, true ]
